
*** Running vivado
    with args -log design_1_multiplier_0_2.vds -m64 -product Vivado -mode batch -messageDb vivado.pb -notrace -source design_1_multiplier_0_2.tcl


ECHO は <OFF> です。
ECHO は <OFF> です。

****** Vivado v2023.2 (64-bit)
  **** SW Build 4029153 on Fri Oct 13 20:14:34 MDT 2023
  **** IP Build 4028589 on Sat Oct 14 00:45:43 MDT 2023
  **** SharedData Build 4025554 on Tue Oct 10 17:18:54 MDT 2023
    ** Copyright 1986-2022 Xilinx, Inc. All Rights Reserved.
    ** Copyright 2022-2023 Advanced Micro Devices, Inc. All Rights Reserved.

source design_1_multiplier_0_2.tcl -notrace
INFO: [IP_Flow 19-234] Refreshing IP repositories
INFO: [IP_Flow 19-1700] Loaded user IP repository 'c:/Users/karas/Documents/etc/study/FPGA/pynq/pynq_training_level2/ip_repo/multiplier_1_0'.
INFO: [IP_Flow 19-2313] Loaded Vivado IP repository 'C:/Xilinx/Vivado/2023.2/data/ip'.
WARNING: [IP_Flow 19-4995] The host OS only allows 260 characters in a normal path. The IP cache path is more than 80 characters. If you experience issues with IP caching, please consider changing the IP cache to a location with a shorter path. Alternately consider using the OS subst command to map part of the path to a drive letter. 
Current IP cache path is c:/Users/karas/Documents/etc/study/FPGA/pynq/pynq_training_level2/pynq_training_level2_2/pynq_training_level2_2.cache/ip 
INFO: [IP_Flow 19-6924] IPCACHE: Running cache check for IP inst: design_1_multiplier_0_2
Command: synth_design -top design_1_multiplier_0_2 -part xc7z020clg400-1 -incremental_mode off -mode out_of_context
Starting synth_design
Attempting to get a license for feature 'Synthesis' and/or device 'xc7z020'
INFO: [Common 17-349] Got license for feature 'Synthesis' and/or device 'xc7z020'
INFO: [Device 21-403] Loading part xc7z020clg400-1
INFO: [Synth 8-7079] Multithreading enabled for synth_design using a maximum of 2 processes.
INFO: [Synth 8-7078] Launching helper process for spawning children vivado processes
INFO: [Synth 8-7075] Helper process launched with PID 114124
---------------------------------------------------------------------------------
Starting RTL Elaboration : Time (s): cpu = 00:00:03 ; elapsed = 00:00:03 . Memory (MB): peak = 1327.586 ; gain = 439.160
---------------------------------------------------------------------------------
INFO: [Synth 8-6157] synthesizing module 'design_1_multiplier_0_2' [c:/Users/karas/Documents/etc/study/FPGA/pynq/pynq_training_level2/pynq_training_level2_2/pynq_training_level2_2.gen/sources_1/bd/design_1/ip/design_1_multiplier_0_2/synth/design_1_multiplier_0_2.v:53]
INFO: [Synth 8-6157] synthesizing module 'multiplier_v1_0' [c:/Users/karas/Documents/etc/study/FPGA/pynq/pynq_training_level2/pynq_training_level2_2/pynq_training_level2_2.gen/sources_1/bd/design_1/ipshared/bcfb/hdl/multiplier_v1_0.v:4]
INFO: [Synth 8-6157] synthesizing module 'multiplier_v1_0_S00_AXI' [c:/Users/karas/Documents/etc/study/FPGA/pynq/pynq_training_level2/pynq_training_level2_2/pynq_training_level2_2.gen/sources_1/bd/design_1/ipshared/bcfb/hdl/multiplier_v1_0_S00_AXI.v:4]
INFO: [Synth 8-226] default block is never used [c:/Users/karas/Documents/etc/study/FPGA/pynq/pynq_training_level2/pynq_training_level2_2/pynq_training_level2_2.gen/sources_1/bd/design_1/ipshared/bcfb/hdl/multiplier_v1_0_S00_AXI.v:234]
INFO: [Synth 8-226] default block is never used [c:/Users/karas/Documents/etc/study/FPGA/pynq/pynq_training_level2/pynq_training_level2_2/pynq_training_level2_2.gen/sources_1/bd/design_1/ipshared/bcfb/hdl/multiplier_v1_0_S00_AXI.v:372]
INFO: [Synth 8-6157] synthesizing module 'multiplier' [c:/Users/karas/Documents/etc/study/FPGA/pynq/pynq_training_level2/pynq_training_level2_2/pynq_training_level2_2.gen/sources_1/bd/design_1/ipshared/bcfb/pynq_training_level2_2/vfile/multiplier.v:23]
INFO: [Synth 8-6155] done synthesizing module 'multiplier' (0#1) [c:/Users/karas/Documents/etc/study/FPGA/pynq/pynq_training_level2/pynq_training_level2_2/pynq_training_level2_2.gen/sources_1/bd/design_1/ipshared/bcfb/pynq_training_level2_2/vfile/multiplier.v:23]
INFO: [Synth 8-6155] done synthesizing module 'multiplier_v1_0_S00_AXI' (0#1) [c:/Users/karas/Documents/etc/study/FPGA/pynq/pynq_training_level2/pynq_training_level2_2/pynq_training_level2_2.gen/sources_1/bd/design_1/ipshared/bcfb/hdl/multiplier_v1_0_S00_AXI.v:4]
INFO: [Synth 8-6155] done synthesizing module 'multiplier_v1_0' (0#1) [c:/Users/karas/Documents/etc/study/FPGA/pynq/pynq_training_level2/pynq_training_level2_2/pynq_training_level2_2.gen/sources_1/bd/design_1/ipshared/bcfb/hdl/multiplier_v1_0.v:4]
INFO: [Synth 8-6155] done synthesizing module 'design_1_multiplier_0_2' (0#1) [c:/Users/karas/Documents/etc/study/FPGA/pynq/pynq_training_level2/pynq_training_level2_2/pynq_training_level2_2.gen/sources_1/bd/design_1/ip/design_1_multiplier_0_2/synth/design_1_multiplier_0_2.v:53]
WARNING: [Synth 8-6014] Unused sequential element slv_reg1_reg was removed.  [c:/Users/karas/Documents/etc/study/FPGA/pynq/pynq_training_level2/pynq_training_level2_2/pynq_training_level2_2.gen/sources_1/bd/design_1/ipshared/bcfb/hdl/multiplier_v1_0_S00_AXI.v:227]
WARNING: [Synth 8-7129] Port S_AXI_AWPROT[2] in module multiplier_v1_0_S00_AXI is either unconnected or has no load
WARNING: [Synth 8-7129] Port S_AXI_AWPROT[1] in module multiplier_v1_0_S00_AXI is either unconnected or has no load
WARNING: [Synth 8-7129] Port S_AXI_AWPROT[0] in module multiplier_v1_0_S00_AXI is either unconnected or has no load
WARNING: [Synth 8-7129] Port S_AXI_ARPROT[2] in module multiplier_v1_0_S00_AXI is either unconnected or has no load
WARNING: [Synth 8-7129] Port S_AXI_ARPROT[1] in module multiplier_v1_0_S00_AXI is either unconnected or has no load
WARNING: [Synth 8-7129] Port S_AXI_ARPROT[0] in module multiplier_v1_0_S00_AXI is either unconnected or has no load
---------------------------------------------------------------------------------
Finished RTL Elaboration : Time (s): cpu = 00:00:04 ; elapsed = 00:00:04 . Memory (MB): peak = 1440.582 ; gain = 552.156
---------------------------------------------------------------------------------
---------------------------------------------------------------------------------
Start Handling Custom Attributes
---------------------------------------------------------------------------------
---------------------------------------------------------------------------------
Finished Handling Custom Attributes : Time (s): cpu = 00:00:04 ; elapsed = 00:00:04 . Memory (MB): peak = 1440.582 ; gain = 552.156
---------------------------------------------------------------------------------
---------------------------------------------------------------------------------
Finished RTL Optimization Phase 1 : Time (s): cpu = 00:00:04 ; elapsed = 00:00:04 . Memory (MB): peak = 1440.582 ; gain = 552.156
---------------------------------------------------------------------------------
Netlist sorting complete. Time (s): cpu = 00:00:00 ; elapsed = 00:00:00.002 . Memory (MB): peak = 1440.582 ; gain = 0.000
INFO: [Project 1-570] Preparing netlist for logic optimization

Processing XDC Constraints
Initializing timing engine
Completed Processing XDC Constraints

Netlist sorting complete. Time (s): cpu = 00:00:00 ; elapsed = 00:00:00 . Memory (MB): peak = 1519.699 ; gain = 0.000
INFO: [Project 1-111] Unisim Transformation Summary:
No Unisim elements were transformed.

指定されたパスが見つかりません。
Constraint Validation Runtime : Time (s): cpu = 00:00:00 ; elapsed = 00:00:00.013 . Memory (MB): peak = 1519.703 ; gain = 0.004
INFO: [Designutils 20-5008] Incremental synthesis strategy off
---------------------------------------------------------------------------------
Finished Constraint Validation : Time (s): cpu = 00:00:08 ; elapsed = 00:00:09 . Memory (MB): peak = 1519.703 ; gain = 631.277
---------------------------------------------------------------------------------
---------------------------------------------------------------------------------
Start Loading Part and Timing Information
---------------------------------------------------------------------------------
Loading part: xc7z020clg400-1
---------------------------------------------------------------------------------
Finished Loading Part and Timing Information : Time (s): cpu = 00:00:08 ; elapsed = 00:00:09 . Memory (MB): peak = 1519.703 ; gain = 631.277
---------------------------------------------------------------------------------
---------------------------------------------------------------------------------
Start Applying 'set_property' XDC Constraints
---------------------------------------------------------------------------------
---------------------------------------------------------------------------------
Finished applying 'set_property' XDC Constraints : Time (s): cpu = 00:00:08 ; elapsed = 00:00:09 . Memory (MB): peak = 1519.703 ; gain = 631.277
---------------------------------------------------------------------------------
---------------------------------------------------------------------------------
Finished RTL Optimization Phase 2 : Time (s): cpu = 00:00:08 ; elapsed = 00:00:09 . Memory (MB): peak = 1519.703 ; gain = 631.277
---------------------------------------------------------------------------------
---------------------------------------------------------------------------------
Start RTL Component Statistics 
---------------------------------------------------------------------------------
Detailed RTL Component Info : 
+---Registers : 
	               32 Bit    Registers := 4     
	                4 Bit    Registers := 2     
	                2 Bit    Registers := 2     
	                1 Bit    Registers := 6     
+---Muxes : 
	   2 Input   32 Bit        Muxes := 3     
	   4 Input   32 Bit        Muxes := 4     
	   2 Input    1 Bit        Muxes := 5     
---------------------------------------------------------------------------------
Finished RTL Component Statistics 
---------------------------------------------------------------------------------
---------------------------------------------------------------------------------
Start Part Resource Summary
---------------------------------------------------------------------------------
Part Resources:
DSPs: 220 (col length:60)
BRAMs: 280 (col length: RAMB18 60 RAMB36 30)
---------------------------------------------------------------------------------
Finished Part Resource Summary
---------------------------------------------------------------------------------
---------------------------------------------------------------------------------
Start Cross Boundary and Area Optimization
---------------------------------------------------------------------------------
WARNING: [Synth 8-7080] Parallel synthesis criteria is not met
WARNING: [Synth 8-7129] Port s00_axi_awprot[2] in module design_1_multiplier_0_2 is either unconnected or has no load
WARNING: [Synth 8-7129] Port s00_axi_awprot[1] in module design_1_multiplier_0_2 is either unconnected or has no load
WARNING: [Synth 8-7129] Port s00_axi_awprot[0] in module design_1_multiplier_0_2 is either unconnected or has no load
WARNING: [Synth 8-7129] Port s00_axi_arprot[2] in module design_1_multiplier_0_2 is either unconnected or has no load
WARNING: [Synth 8-7129] Port s00_axi_arprot[1] in module design_1_multiplier_0_2 is either unconnected or has no load
WARNING: [Synth 8-7129] Port s00_axi_arprot[0] in module design_1_multiplier_0_2 is either unconnected or has no load
---------------------------------------------------------------------------------
Finished Cross Boundary and Area Optimization : Time (s): cpu = 00:00:09 ; elapsed = 00:00:10 . Memory (MB): peak = 1519.703 ; gain = 631.277
---------------------------------------------------------------------------------
---------------------------------------------------------------------------------
Start Applying XDC Timing Constraints
---------------------------------------------------------------------------------
---------------------------------------------------------------------------------
Finished Applying XDC Timing Constraints : Time (s): cpu = 00:00:12 ; elapsed = 00:00:12 . Memory (MB): peak = 1519.703 ; gain = 631.277
---------------------------------------------------------------------------------
---------------------------------------------------------------------------------
Start Timing Optimization
---------------------------------------------------------------------------------
---------------------------------------------------------------------------------
Finished Timing Optimization : Time (s): cpu = 00:00:12 ; elapsed = 00:00:12 . Memory (MB): peak = 1519.703 ; gain = 631.277
---------------------------------------------------------------------------------
---------------------------------------------------------------------------------
Start Technology Mapping
---------------------------------------------------------------------------------
---------------------------------------------------------------------------------
Finished Technology Mapping : Time (s): cpu = 00:00:12 ; elapsed = 00:00:12 . Memory (MB): peak = 1519.703 ; gain = 631.277
---------------------------------------------------------------------------------
---------------------------------------------------------------------------------
Start IO Insertion
---------------------------------------------------------------------------------
---------------------------------------------------------------------------------
Start Flattening Before IO Insertion
---------------------------------------------------------------------------------
---------------------------------------------------------------------------------
Finished Flattening Before IO Insertion
---------------------------------------------------------------------------------
---------------------------------------------------------------------------------
Start Final Netlist Cleanup
---------------------------------------------------------------------------------
---------------------------------------------------------------------------------
Finished Final Netlist Cleanup
---------------------------------------------------------------------------------
---------------------------------------------------------------------------------
Finished IO Insertion : Time (s): cpu = 00:00:14 ; elapsed = 00:00:14 . Memory (MB): peak = 1519.703 ; gain = 631.277
---------------------------------------------------------------------------------
---------------------------------------------------------------------------------
Start Renaming Generated Instances
---------------------------------------------------------------------------------
---------------------------------------------------------------------------------
Finished Renaming Generated Instances : Time (s): cpu = 00:00:14 ; elapsed = 00:00:14 . Memory (MB): peak = 1519.703 ; gain = 631.277
---------------------------------------------------------------------------------
---------------------------------------------------------------------------------
Start Rebuilding User Hierarchy
---------------------------------------------------------------------------------
---------------------------------------------------------------------------------
Finished Rebuilding User Hierarchy : Time (s): cpu = 00:00:14 ; elapsed = 00:00:14 . Memory (MB): peak = 1519.703 ; gain = 631.277
---------------------------------------------------------------------------------
---------------------------------------------------------------------------------
Start Renaming Generated Ports
---------------------------------------------------------------------------------
---------------------------------------------------------------------------------
Finished Renaming Generated Ports : Time (s): cpu = 00:00:14 ; elapsed = 00:00:14 . Memory (MB): peak = 1519.703 ; gain = 631.277
---------------------------------------------------------------------------------
---------------------------------------------------------------------------------
Start Handling Custom Attributes
---------------------------------------------------------------------------------
---------------------------------------------------------------------------------
Finished Handling Custom Attributes : Time (s): cpu = 00:00:14 ; elapsed = 00:00:14 . Memory (MB): peak = 1519.703 ; gain = 631.277
---------------------------------------------------------------------------------
---------------------------------------------------------------------------------
Start Renaming Generated Nets
---------------------------------------------------------------------------------
---------------------------------------------------------------------------------
Finished Renaming Generated Nets : Time (s): cpu = 00:00:14 ; elapsed = 00:00:14 . Memory (MB): peak = 1519.703 ; gain = 631.277
---------------------------------------------------------------------------------
---------------------------------------------------------------------------------
Start Writing Synthesis Report
---------------------------------------------------------------------------------

Report BlackBoxes: 
+-+--------------+----------+
| |BlackBox name |Instances |
+-+--------------+----------+
+-+--------------+----------+

Report Cell Usage: 
+------+-----+------+
|      |Cell |Count |
+------+-----+------+
|1     |LUT1 |     1|
|2     |LUT2 |     1|
|3     |LUT3 |     1|
|4     |LUT4 |    18|
|5     |LUT5 |     1|
|6     |LUT6 |    35|
|7     |FDRE |   137|
|8     |FDSE |     1|
+------+-----+------+
---------------------------------------------------------------------------------
Finished Writing Synthesis Report : Time (s): cpu = 00:00:14 ; elapsed = 00:00:14 . Memory (MB): peak = 1519.703 ; gain = 631.277
---------------------------------------------------------------------------------
Synthesis finished with 0 errors, 0 critical warnings and 7 warnings.
Synthesis Optimization Runtime : Time (s): cpu = 00:00:09 ; elapsed = 00:00:13 . Memory (MB): peak = 1519.703 ; gain = 552.156
Synthesis Optimization Complete : Time (s): cpu = 00:00:14 ; elapsed = 00:00:15 . Memory (MB): peak = 1519.703 ; gain = 631.277
INFO: [Project 1-571] Translating synthesized netlist
Netlist sorting complete. Time (s): cpu = 00:00:00 ; elapsed = 00:00:00.002 . Memory (MB): peak = 1519.703 ; gain = 0.000
INFO: [Project 1-570] Preparing netlist for logic optimization
INFO: [Opt 31-138] Pushed 0 inverter(s) to 0 load pin(s).
Netlist sorting complete. Time (s): cpu = 00:00:00 ; elapsed = 00:00:00 . Memory (MB): peak = 1519.703 ; gain = 0.000
INFO: [Project 1-111] Unisim Transformation Summary:
No Unisim elements were transformed.

指定されたパスが見つかりません。
Synth Design complete | Checksum: 75466579
INFO: [Common 17-83] Releasing license: Synthesis
27 Infos, 15 Warnings, 0 Critical Warnings and 0 Errors encountered.
synth_design completed successfully
synth_design: Time (s): cpu = 00:00:17 ; elapsed = 00:00:18 . Memory (MB): peak = 1519.703 ; gain = 1050.254
Write ShapeDB Complete: Time (s): cpu = 00:00:00 ; elapsed = 00:00:00 . Memory (MB): peak = 1519.703 ; gain = 0.000
INFO: [Common 17-1381] The checkpoint 'C:/Users/karas/Documents/etc/study/FPGA/pynq/pynq_training_level2/pynq_training_level2_2/pynq_training_level2_2.runs/design_1_multiplier_0_2_synth_1/design_1_multiplier_0_2.dcp' has been generated.
INFO: [Coretcl 2-1648] Added synthesis output to IP cache for IP design_1_multiplier_0_2, cache-ID = bfd79db58fcdc589
INFO: [Coretcl 2-1174] Renamed 2 cell refs.
Write ShapeDB Complete: Time (s): cpu = 00:00:00 ; elapsed = 00:00:00 . Memory (MB): peak = 1519.703 ; gain = 0.000
INFO: [Common 17-1381] The checkpoint 'C:/Users/karas/Documents/etc/study/FPGA/pynq/pynq_training_level2/pynq_training_level2_2/pynq_training_level2_2.runs/design_1_multiplier_0_2_synth_1/design_1_multiplier_0_2.dcp' has been generated.
INFO: [runtcl-4] Executing : report_utilization -file design_1_multiplier_0_2_utilization_synth.rpt -pb design_1_multiplier_0_2_utilization_synth.pb
INFO: [Common 17-206] Exiting Vivado at Wed Oct  8 04:26:18 2025...
