#! /usr/bin/vvp
:ivl_version "12.0 (stable)";
:ivl_delay_selection "TYPICAL";
:vpi_time_precision - 12;
:vpi_module "/usr/lib/x86_64-linux-gnu/ivl/system.vpi";
:vpi_module "/usr/lib/x86_64-linux-gnu/ivl/vhdl_sys.vpi";
:vpi_module "/usr/lib/x86_64-linux-gnu/ivl/vhdl_textio.vpi";
:vpi_module "/usr/lib/x86_64-linux-gnu/ivl/v2005_math.vpi";
:vpi_module "/usr/lib/x86_64-linux-gnu/ivl/va_math.vpi";
S_0x55e51990e4a0 .scope module, "gates_tb" "gates_tb" 2 3;
 .timescale -9 -12;
v0x55e519921b10_0 .var "a", 0 0;
v0x55e519921bd0_0 .var "b", 0 0;
v0x55e519921c70_0 .net "y_and", 0 0, L_0x55e519921f30;  1 drivers
v0x55e519921d70_0 .net "y_or", 0 0, L_0x55e519922090;  1 drivers
v0x55e519921e40_0 .net "y_xor", 0 0, L_0x55e519922150;  1 drivers
S_0x55e51990e630 .scope module, "dut" "gates" 2 9, 3 1 0, S_0x55e51990e4a0;
 .timescale -9 -12;
    .port_info 0 /INPUT 1 "a";
    .port_info 1 /INPUT 1 "b";
    .port_info 2 /OUTPUT 1 "y_and";
    .port_info 3 /OUTPUT 1 "y_or";
    .port_info 4 /OUTPUT 1 "y_xor";
L_0x55e519921f30 .functor AND 1, v0x55e519921b10_0, v0x55e519921bd0_0, C4<1>, C4<1>;
L_0x55e519922090 .functor OR 1, v0x55e519921b10_0, v0x55e519921bd0_0, C4<0>, C4<0>;
L_0x55e519922150 .functor XOR 1, v0x55e519921b10_0, v0x55e519921bd0_0, C4<0>, C4<0>;
v0x55e51990e810_0 .net "a", 0 0, v0x55e519921b10_0;  1 drivers
v0x55e519921740_0 .net "b", 0 0, v0x55e519921bd0_0;  1 drivers
v0x55e519921800_0 .net "y_and", 0 0, L_0x55e519921f30;  alias, 1 drivers
v0x55e5199218a0_0 .net "y_or", 0 0, L_0x55e519922090;  alias, 1 drivers
v0x55e519921960_0 .net "y_xor", 0 0, L_0x55e519922150;  alias, 1 drivers
    .scope S_0x55e51990e4a0;
T_0 ;
    %vpi_call 2 18 "$dumpfile", "wave.vcd" {0 0 0};
    %vpi_call 2 19 "$dumpvars", 32'sb00000000000000000000000000000000, S_0x55e51990e4a0 {0 0 0};
    %vpi_call 2 21 "$display", "a b | AND OR XOR" {0 0 0};
    %vpi_call 2 22 "$display", "-----------------" {0 0 0};
    %pushi/vec4 0, 0, 1;
    %store/vec4 v0x55e519921b10_0, 0, 1;
    %pushi/vec4 0, 0, 1;
    %store/vec4 v0x55e519921bd0_0, 0, 1;
    %delay 10000, 0;
    %vpi_call 2 25 "$display", "%b %b |  %b   %b   %b", v0x55e519921b10_0, v0x55e519921bd0_0, v0x55e519921c70_0, v0x55e519921d70_0, v0x55e519921e40_0 {0 0 0};
    %pushi/vec4 0, 0, 1;
    %store/vec4 v0x55e519921b10_0, 0, 1;
    %pushi/vec4 1, 0, 1;
    %store/vec4 v0x55e519921bd0_0, 0, 1;
    %delay 10000, 0;
    %vpi_call 2 28 "$display", "%b %b |  %b   %b   %b", v0x55e519921b10_0, v0x55e519921bd0_0, v0x55e519921c70_0, v0x55e519921d70_0, v0x55e519921e40_0 {0 0 0};
    %pushi/vec4 1, 0, 1;
    %store/vec4 v0x55e519921b10_0, 0, 1;
    %pushi/vec4 0, 0, 1;
    %store/vec4 v0x55e519921bd0_0, 0, 1;
    %delay 10000, 0;
    %vpi_call 2 31 "$display", "%b %b |  %b   %b   %b", v0x55e519921b10_0, v0x55e519921bd0_0, v0x55e519921c70_0, v0x55e519921d70_0, v0x55e519921e40_0 {0 0 0};
    %pushi/vec4 1, 0, 1;
    %store/vec4 v0x55e519921b10_0, 0, 1;
    %pushi/vec4 1, 0, 1;
    %store/vec4 v0x55e519921bd0_0, 0, 1;
    %delay 10000, 0;
    %vpi_call 2 34 "$display", "%b %b |  %b   %b   %b", v0x55e519921b10_0, v0x55e519921bd0_0, v0x55e519921c70_0, v0x55e519921d70_0, v0x55e519921e40_0 {0 0 0};
    %vpi_call 2 36 "$finish" {0 0 0};
    %end;
    .thread T_0;
# The file index is used to find the file name in the following table.
:file_names 4;
    "N/A";
    "<interactive>";
    "gates_tb.v";
    "gates.v";
